<?xml version="1.0" encoding="UTF-8"?>
<!-- Generated by org.testng.reporters.JUnitReportReporter -->
<testsuite hostname="LAPTOP-7DJ18U3D" failures="0" tests="1" name="com.qa.testcases.HomePageTest" time="12.234" errors="0" timestamp="2022-12-29T10:59:45 IST" skipped="0">
  <testcase classname="com.qa.testcases.HomePageTest" name="loginPageTitleTest" time="12.234"/>
  <system-out/>
</testsuite> <!-- com.qa.testcases.HomePageTest -->
